# JRE version: OpenJDK Runtime Environment (21.0.6) (build 21.0.6+-13368085-b895.109)
# Java VM: OpenJDK 64-Bit Server VM (21.0.6+-13368085-b895.109, mixed mode, tiered, compressed oops, compressed class ptrs, g1 gc, windows-amd64)
GC Precious Log:
 CardTable entry size: 512
 Card Set container configuration: InlinePtr #cards 5 size 8 Array Of Cards #cards 12 size 40 Howl #buckets 4 coarsen threshold 1843 Howl Bitmap #cards 512 size 80 coarsen threshold 460 Card regions per heap region 1 cards per card region 2048
 CPUs: 12 total, 12 available
 Memory: 16171M
 Large Page Support: Disabled
 NUMA Support: Disabled
 Compressed Oops: Enabled (32-bit)
 Heap Region Size: 1M
 Heap Min Capacity: 8M
 Heap Initial Capacity: 254M
 Heap Max Capacity: 2G
 Pre-touch: Disabled
 Parallel Workers: 10
 Concurrent Workers: 3
 Concurrent Refinement Workers: 10
 Periodic GC: Disabled
Heap:
 garbage-first heap   total 184320K, used 137996K [0x0000000080000000, 0x0000000100000000)
  region size 1024K, 34 young (34816K), 5 survivors (5120K)
 Metaspace       used 99685K, committed 101760K, reserved 1179648K
  class space    used 13260K, committed 14272K, reserved 1048576K
GC Heap History (20 events):
Event: 3.463 GC heap before
{Heap before GC invocations=16 (full 0):
 garbage-first heap   total 107520K, used 67631K [0x0000000080000000, 0x0000000100000000)
  region size 1024K, 6 young (6144K), 5 survivors (5120K)
 Metaspace       used 56700K, committed 58240K, reserved 1114112K
  class space    used 7712K, committed 8448K, reserved 1048576K
}
Event: 3.466 GC heap after
{Heap after GC invocations=17 (full 0):
 garbage-first heap   total 129024K, used 68079K [0x0000000080000000, 0x0000000100000000)
  region size 1024K, 1 young (1024K), 1 survivors (1024K)
 Metaspace       used 56700K, committed 58240K, reserved 1114112K
  class space    used 7712K, committed 8448K, reserved 1048576K
}
Event: 3.705 GC heap before
{Heap before GC invocations=18 (full 0):
 garbage-first heap   total 129024K, used 120303K [0x0000000080000000, 0x0000000100000000)
  region size 1024K, 44 young (45056K), 1 survivors (1024K)
 Metaspace       used 59854K, committed 61504K, reserved 1114112K
  class space    used 8018K, committed 8832K, reserved 1048576K
}
Event: 3.706 GC heap after
{Heap after GC invocations=19 (full 0):
 garbage-first heap   total 129024K, used 76698K [0x0000000080000000, 0x0000000100000000)
  region size 1024K, 2 young (2048K), 2 survivors (2048K)
 Metaspace       used 59854K, committed 61504K, reserved 1114112K
  class space    used 8018K, committed 8832K, reserved 1048576K
}
Event: 3.955 GC heap before
{Heap before GC invocations=19 (full 0):
 garbage-first heap   total 129024K, used 115610K [0x0000000080000000, 0x0000000100000000)
  region size 1024K, 40 young (40960K), 2 survivors (2048K)
 Metaspace       used 66406K, committed 68096K, reserved 1114112K
  class space    used 9298K, committed 10112K, reserved 1048576K
}
Event: 3.957 GC heap after
{Heap after GC invocations=20 (full 0):
 garbage-first heap   total 129024K, used 77296K [0x0000000080000000, 0x0000000100000000)
  region size 1024K, 3 young (3072K), 3 survivors (3072K)
 Metaspace       used 66406K, committed 68096K, reserved 1114112K
  class space    used 9298K, committed 10112K, reserved 1048576K
}
Event: 4.266 GC heap before
{Heap before GC invocations=20 (full 0):
 garbage-first heap   total 129024K, used 117232K [0x0000000080000000, 0x0000000100000000)
  region size 1024K, 42 young (43008K), 3 survivors (3072K)
 Metaspace       used 72668K, committed 74368K, reserved 1114112K
  class space    used 10069K, committed 10880K, reserved 1048576K
}
Event: 4.269 GC heap after
{Heap after GC invocations=21 (full 0):
 garbage-first heap   total 129024K, used 78401K [0x0000000080000000, 0x0000000100000000)
  region size 1024K, 5 young (5120K), 5 survivors (5120K)
 Metaspace       used 72668K, committed 74368K, reserved 1114112K
  class space    used 10069K, committed 10880K, reserved 1048576K
}
Event: 4.542 GC heap before
{Heap before GC invocations=22 (full 0):
 garbage-first heap   total 133120K, used 122433K [0x0000000080000000, 0x0000000100000000)
  region size 1024K, 41 young (41984K), 5 survivors (5120K)
 Metaspace       used 78262K, committed 79936K, reserved 1179648K
  class space    used 10788K, committed 11584K, reserved 1048576K
}
Event: 4.545 GC heap after
{Heap after GC invocations=23 (full 0):
 garbage-first heap   total 133120K, used 79364K [0x0000000080000000, 0x0000000100000000)
  region size 1024K, 3 young (3072K), 3 survivors (3072K)
 Metaspace       used 78262K, committed 79936K, reserved 1179648K
  class space    used 10788K, committed 11584K, reserved 1048576K
}
Event: 4.706 GC heap before
{Heap before GC invocations=23 (full 0):
 garbage-first heap   total 133120K, used 130564K [0x0000000080000000, 0x0000000100000000)
  region size 1024K, 45 young (46080K), 3 survivors (3072K)
 Metaspace       used 79138K, committed 80832K, reserved 1179648K
  class space    used 10865K, committed 11648K, reserved 1048576K
}
Event: 4.716 GC heap after
{Heap after GC invocations=24 (full 0):
 garbage-first heap   total 147456K, used 92071K [0x0000000080000000, 0x0000000100000000)
  region size 1024K, 6 young (6144K), 6 survivors (6144K)
 Metaspace       used 79138K, committed 80832K, reserved 1179648K
  class space    used 10865K, committed 11648K, reserved 1048576K
}
Event: 4.917 GC heap before
{Heap before GC invocations=24 (full 0):
 garbage-first heap   total 147456K, used 120743K [0x0000000080000000, 0x0000000100000000)
  region size 1024K, 35 young (35840K), 6 survivors (6144K)
 Metaspace       used 83192K, committed 84864K, reserved 1179648K
  class space    used 11336K, committed 12096K, reserved 1048576K
}
Event: 4.921 GC heap after
{Heap after GC invocations=25 (full 0):
 garbage-first heap   total 177152K, used 94780K [0x0000000080000000, 0x0000000100000000)
  region size 1024K, 2 young (2048K), 2 survivors (2048K)
 Metaspace       used 83192K, committed 84864K, reserved 1179648K
  class space    used 11336K, committed 12096K, reserved 1048576K
}
Event: 5.361 GC heap before
{Heap before GC invocations=26 (full 0):
 garbage-first heap   total 177152K, used 164412K [0x0000000080000000, 0x0000000100000000)
  region size 1024K, 64 young (65536K), 2 survivors (2048K)
 Metaspace       used 90459K, committed 92352K, reserved 1179648K
  class space    used 12074K, committed 12992K, reserved 1048576K
}
Event: 5.364 GC heap after
{Heap after GC invocations=27 (full 0):
 garbage-first heap   total 177152K, used 106061K [0x0000000080000000, 0x0000000100000000)
  region size 1024K, 7 young (7168K), 7 survivors (7168K)
 Metaspace       used 90459K, committed 92352K, reserved 1179648K
  class space    used 12074K, committed 12992K, reserved 1048576K
}
Event: 5.730 GC heap before
{Heap before GC invocations=27 (full 0):
 garbage-first heap   total 177152K, used 159309K [0x0000000080000000, 0x0000000100000000)
  region size 1024K, 59 young (60416K), 7 survivors (7168K)
 Metaspace       used 97768K, committed 99776K, reserved 1179648K
  class space    used 13034K, committed 14016K, reserved 1048576K
}
Event: 5.735 GC heap after
{Heap after GC invocations=28 (full 0):
 garbage-first heap   total 177152K, used 107574K [0x0000000080000000, 0x0000000100000000)
  region size 1024K, 4 young (4096K), 4 survivors (4096K)
 Metaspace       used 97768K, committed 99776K, reserved 1179648K
  class space    used 13034K, committed 14016K, reserved 1048576K
}
Event: 5.841 GC heap before
{Heap before GC invocations=28 (full 0):
 garbage-first heap   total 177152K, used 116790K [0x0000000080000000, 0x0000000100000000)
  region size 1024K, 14 young (14336K), 4 survivors (4096K)
 Metaspace       used 99048K, committed 101120K, reserved 1179648K
  class space    used 13179K, committed 14208K, reserved 1048576K
}
Event: 5.845 GC heap after
{Heap after GC invocations=29 (full 0):
 garbage-first heap   total 177152K, used 108300K [0x0000000080000000, 0x0000000100000000)
  region size 1024K, 5 young (5120K), 5 survivors (5120K)
 Metaspace       used 99048K, committed 101120K, reserved 1179648K
  class space    used 13179K, committed 14208K, reserved 1048576K
}

